<?xml version="1.0" encoding="UTF-8"?>
<!-- Generated by org.testng.reporters.JUnitXMLReporter -->
<testsuite ignored="0" hostname="LAPTOP-T4TIAI14" failures="0" tests="1" name="Test-1" time="21.484" errors="0" timestamp="2024-02-28T18:06:59 IST">
  <testcase classname="com.crm.practice.HomeTest" name="homePageTabs" time="13.753"/>
</testsuite> <!-- Test-1 -->
