<?xml version="1.0" encoding="UTF-8"?>
<!-- Generated by org.testng.reporters.JUnitXMLReporter -->
<testsuite ignored="0" hostname="LAPTOP-T4TIAI14" failures="0" tests="2" name="Test-2" time="28.483" errors="0" timestamp="2024-02-28T18:07:06 IST">
  <testcase classname="com.crm.practice.CreateOrganizationTest" name="getData" time="5.64"/>
  <testcase classname="com.crm.practice.CreateOrganizationTest" name="getData" time="5.192"/>
</testsuite> <!-- Test-2 -->
