<?xml version="1.0" encoding="UTF-8"?>
<!-- Generated by org.testng.reporters.JUnitXMLReporter -->
<testsuite ignored="2" hostname="LAPTOP-T4TIAI14" failures="0" tests="3" name="Test-3" time="54.913" errors="0" timestamp="2024-02-28T15:44:48 IST">
  <testcase classname="com.crm.practice.HomeTest" name="homePageTabs" time="14.745"/>
  <testcase classname="com.crm.practice.CreateOrganizationTest" name="getData" time="8.245"/>
  <testcase classname="com.crm.practice.CreateOrganizationTest" name="getData" time="4.728"/>
  <testcase classname="com.crm.genericUtils.BaseClass" name="@BeforeSuite connectToDB" time="0.0">
    <ignored/>
  </testcase> <!-- @BeforeSuite connectToDB -->
  <testcase classname="com.crm.genericUtils.BaseClass" name="@AfterSuite closeDB" time="0.0">
    <ignored/>
  </testcase> <!-- @AfterSuite closeDB -->
</testsuite> <!-- Test-3 -->
