<?xml version="1.0" encoding="UTF-8"?>
<!-- Generated by org.testng.reporters.JUnitReportReporter -->
<testsuite hostname="LAPTOP-T4TIAI14" failures="0" tests="1" name="com.crm.practice.HomeTest" time="18.547" errors="0" timestamp="2024-02-28T18:07:06 IST" skipped="0">
  <testcase classname="com.crm.practice.HomeTest" name="homePageTabs" time="18.547"/>
  <system-out/>
</testsuite> <!-- com.crm.practice.HomeTest -->
