<?xml version="1.0" encoding="UTF-8"?>
<!-- Generated by org.testng.reporters.JUnitReportReporter -->
<testsuite hostname="LAPTOP-T4TIAI14" failures="0" tests="1" name="com.crm.practice.BasicTest" time="0.006" errors="0" timestamp="2024-02-27T17:12:15 IST" skipped="0">
  <testcase classname="com.crm.practice.BasicTest" name="bookTicket" time="0.006"/>
  <system-out/>
</testsuite> <!-- com.crm.practice.BasicTest -->
