<?xml version="1.0" encoding="UTF-8"?>
<!-- Generated by org.testng.reporters.JUnitReportReporter -->
<testsuite hostname="LAPTOP-T4TIAI14" failures="0" tests="2" name="com.crm.practice.Practice002_Test" time="0.004" errors="0" timestamp="2024-02-27T15:34:00 IST" skipped="0">
  <testcase classname="com.crm.practice.Practice002_Test" name="checkIn" time="0.003"/>
  <system-out/>
  <testcase classname="com.crm.practice.Practice002_Test" name="travel" time="0.001"/>
  <system-out/>
</testsuite> <!-- com.crm.practice.Practice002_Test -->
