<?xml version="1.0" encoding="UTF-8"?>
<!-- Generated by org.testng.reporters.JUnitReportReporter -->
<testsuite hostname="LAPTOP-T4TIAI14" failures="0" tests="3" name="com.crm.organization.PracticeTest" time="0.048" errors="0" timestamp="2024-02-26T15:32:48 IST" skipped="0">
  <testcase classname="com.crm.organization.PracticeTest" name="deleteTest" time="0.009"/>
  <system-out/>
  <testcase classname="com.crm.organization.PracticeTest" name="createTest" time="0.037"/>
  <system-out/>
  <testcase classname="com.crm.organization.PracticeTest" name="editTest" time="0.002"/>
  <system-out/>
</testsuite> <!-- com.crm.organization.PracticeTest -->
