<?xml version="1.0" encoding="UTF-8"?>
<!-- Generated by org.testng.reporters.JUnitReportReporter -->
<testsuite hostname="LAPTOP-T4TIAI14" failures="0" tests="2" name="com.crm.practice.LastTest" time="0.005" errors="0" timestamp="2024-02-27T16:31:16 IST" skipped="0">
  <testcase classname="com.crm.practice.LastTest" name="travel" time="0.001"/>
  <system-out/>
  <testcase classname="com.crm.practice.LastTest" name="checkIn" time="0.004"/>
  <system-out/>
</testsuite> <!-- com.crm.practice.LastTest -->
