<?xml version="1.0" encoding="UTF-8"?>
<!-- Generated by org.testng.reporters.JUnitReportReporter -->
<testsuite hostname="LAPTOP-T4TIAI14" failures="0" tests="1" name="com.crm.practice.TRyDPTest" time="0.000" errors="0" timestamp="2024-02-29T12:41:31 IST" skipped="1">
  <testcase classname="com.crm.practice.TRyDPTest" name="tryTest" time="0.000">
    <skipped/>
  </testcase> <!-- tryTest -->
  <system-out/>
</testsuite> <!-- com.crm.practice.TRyDPTest -->
