<?xml version="1.0" encoding="UTF-8"?>
<!-- Generated by org.testng.reporters.JUnitReportReporter -->
<testsuite hostname="LAPTOP-T4TIAI14" failures="0" tests="2" name="com.crm.practice.Practice001_Test" time="0.015" errors="0" timestamp="2024-02-27T15:34:00 IST" skipped="0">
  <testcase classname="com.crm.practice.Practice001_Test" name="shopping" time="0.001"/>
  <system-out/>
  <testcase classname="com.crm.practice.Practice001_Test" name="packLuggage" time="0.014"/>
  <system-out/>
</testsuite> <!-- com.crm.practice.Practice001_Test -->
