<?xml version="1.0" encoding="UTF-8"?>
<!-- Generated by org.testng.reporters.JUnitReportReporter -->
<testsuite hostname="LAPTOP-T4TIAI14" failures="0" tests="1" name="com.crm.practice.CreateContactTest" time="0.000" errors="0" timestamp="2024-03-01T15:56:44 IST" skipped="1">
  <testcase classname="com.crm.practice.CreateContactTest" name="createContacts" time="0.000">
    <skipped/>
  </testcase> <!-- createContacts -->
  <system-out/>
</testsuite> <!-- com.crm.practice.CreateContactTest -->
