<?xml version="1.0" encoding="UTF-8"?>
<!-- Generated by org.testng.reporters.JUnitReportReporter -->
<testsuite hostname="LAPTOP-T4TIAI14" failures="0" tests="2" name="com.crm.organization.UpdatedTest" time="0.010" errors="0" timestamp="2024-02-26T16:11:15 IST" skipped="0">
  <testcase classname="com.crm.organization.UpdatedTest" name="test" time="0.009"/>
  <system-out/>
  <testcase classname="com.crm.organization.UpdatedTest" name="test" time="0.001"/>
  <system-out/>
</testsuite> <!-- com.crm.organization.UpdatedTest -->
