<?xml version="1.0" encoding="UTF-8"?>
<!-- Generated by org.testng.reporters.JUnitReportReporter -->
<testsuite hostname="LAPTOP-T4TIAI14" failures="0" tests="2" name="com.crm.practice.MidTest" time="0.003" errors="0" timestamp="2024-02-27T17:12:15 IST" skipped="0">
  <testcase classname="com.crm.practice.MidTest" name="packLuggage" time="0.001"/>
  <system-out/>
  <testcase classname="com.crm.practice.MidTest" name="shopping" time="0.002"/>
  <system-out/>
</testsuite> <!-- com.crm.practice.MidTest -->
