<?xml version="1.0" encoding="UTF-8"?>
<!-- Generated by org.testng.reporters.JUnitReportReporter -->
<testsuite hostname="LAPTOP-T4TIAI14" failures="0" tests="2" name="com.crm.organization.ExecuteTest" time="19.594" errors="0" timestamp="2024-02-27T17:43:07 IST" skipped="0">
  <testcase classname="com.crm.organization.ExecuteTest" name="getData" time="9.596"/>
  <system-out/>
  <testcase classname="com.crm.organization.ExecuteTest" name="getData" time="9.998"/>
  <system-out/>
</testsuite> <!-- com.crm.organization.ExecuteTest -->
