<?xml version="1.0" encoding="UTF-8"?>
<!-- Generated by org.testng.reporters.JUnitReportReporter -->
<testsuite hostname="LAPTOP-T4TIAI14" failures="0" tests="2" name="com.crm.practice.CreateOrganizationTest" time="20.477" errors="0" timestamp="2024-03-01T15:55:16 IST" skipped="0">
  <testcase classname="com.crm.practice.CreateOrganizationTest" name="getData" time="10.589"/>
  <system-out/>
  <testcase classname="com.crm.practice.CreateOrganizationTest" name="getData" time="9.888"/>
  <system-out/>
</testsuite> <!-- com.crm.practice.CreateOrganizationTest -->
